<?xml version="1.0" encoding="UTF-8"?>
<testng-results ignored="0" total="1" passed="1" failed="0" skipped="0">
  <reporter-output>
  </reporter-output>
  <suite started-at="2023-02-09T04:58:26 GMT-08:00" name="Default suite" finished-at="2023-02-09T04:59:02 GMT-08:00" duration-ms="35847">
    <groups>
    </groups>
    <test started-at="2023-02-09T04:58:26 GMT-08:00" name="Default test" finished-at="2023-02-09T04:59:02 GMT-08:00" duration-ms="35847">
      <class name="TestCases.POM1">
        <test-method is-config="true" signature="ConfigureAppium()[pri:0, instance:TestCases.POM1@76a4ebf2]" started-at="2023-02-09T04:58:26 GMT-08:00" name="ConfigureAppium" finished-at="2023-02-09T04:58:36 GMT-08:00" duration-ms="9757" status="PASS">
          <reporter-output>
          </reporter-output>
        </test-method> <!-- ConfigureAppium -->
        <test-method signature="Options()[pri:0, instance:TestCases.POM1@76a4ebf2]" started-at="2023-02-09T04:58:36 GMT-08:00" name="Options" finished-at="2023-02-09T04:59:01 GMT-08:00" duration-ms="25426" status="PASS">
          <reporter-output>
          </reporter-output>
        </test-method> <!-- Options -->
        <test-method is-config="true" signature="tearDown()[pri:0, instance:TestCases.POM1@76a4ebf2]" started-at="2023-02-09T04:59:01 GMT-08:00" name="tearDown" finished-at="2023-02-09T04:59:02 GMT-08:00" duration-ms="623" status="PASS">
          <reporter-output>
          </reporter-output>
        </test-method> <!-- tearDown -->
      </class> <!-- TestCases.POM1 -->
    </test> <!-- Default test -->
  </suite> <!-- Default suite -->
</testng-results>
